#
# There is insufficient memory for the Java Runtime Environment to continue.
# Native memory allocation (malloc) failed to allocate 1048576 bytes. Error detail: AllocateHeap
# Possible reasons:
#   The system is out of physical RAM or swap space
#   This process is running with CompressedOops enabled, and the Java Heap may be blocking the growth of the native heap
# Possible solutions:
#   Reduce memory load on the system
#   Increase physical memory or swap space
#   Check if swap backing store is full
#   Decrease Java heap size (-Xmx/-Xms)
#   Decrease number of Java threads
#   Decrease Java thread stack sizes (-Xss)
#   Set larger code cache with -XX:ReservedCodeCacheSize=
#   JVM is running with Unscaled Compressed Oops mode in which the Java heap is
#     placed in the first 4GB address space. The Java Heap base address is the
#     maximum limit for the native heap growth. Please use -XX:HeapBaseMinAddress
#     to set the Java Heap base and to place the Java Heap above 4GB virtual address.
# This output file may be truncated or incomplete.
#
#  Out of Memory Error (allocation.cpp:44), pid=31840, tid=27204
#
# JRE version: OpenJDK Runtime Environment Temurin-21.0.9+10 (21.0.9+10) (build 21.0.9+10-LTS)
# Java VM: OpenJDK 64-Bit Server VM Temurin-21.0.9+10 (21.0.9+10-LTS, mixed mode, sharing, tiered, compressed oops, compressed class ptrs, parallel gc, windows-amd64)
# No core dump will be written. Minidumps are not enabled by default on client versions of Windows
#

---------------  S U M M A R Y ------------

Command Line: --add-modules=ALL-SYSTEM --add-opens=java.base/java.util=ALL-UNNAMED --add-opens=java.base/java.lang=ALL-UNNAMED --add-opens=java.base/sun.nio.fs=ALL-UNNAMED -Declipse.application=org.eclipse.jdt.ls.core.id1 -Dosgi.bundles.defaultStartLevel=4 -Declipse.product=org.eclipse.jdt.ls.core.product -Djava.import.generatesMetadataFilesAtProjectRoot=false -DDetectVMInstallationsJob.disabled=true -Dfile.encoding=utf8 -XX:+UseParallelGC -XX:GCTimeRatio=4 -XX:AdaptiveSizePolicyWeight=90 -Dsun.zip.disableMemoryMapping=true -Xmx2G -Xms100m -Xlog:disable -javaagent:c:\Users\HARSHWARDHAN GAIKWAD\.vscode\extensions\redhat.java-1.51.0-win32-x64\lombok\lombok-1.18.39-4050.jar -XX:+HeapDumpOnOutOfMemoryError -XX:HeapDumpPath=c:\Users\HARSHWARDHAN GAIKWAD\AppData\Roaming\Code\User\workspaceStorage\d0d774f81aa1297f517c5df71d3929cf\redhat.java -Daether.dependencyCollector.impl=bf c:\Users\HARSHWARDHAN GAIKWAD\.vscode\extensions\redhat.java-1.51.0-win32-x64\server\plugins\org.eclipse.equinox.launcher_1.7.100.v20251111-0406.jar -configuration c:\Users\HARSHWARDHAN GAIKWAD\AppData\Roaming\Code\User\globalStorage\redhat.java\1.51.0\config_win -data c:\Users\HARSHWARDHAN GAIKWAD\AppData\Roaming\Code\User\workspaceStorage\d0d774f81aa1297f517c5df71d3929cf\redhat.java\jdt_ws --pipe=\\.\pipe\lsp-c61c1c498848116a533100e2f8b08433-sock

Host: AMD Ryzen 5 5600H with Radeon Graphics         , 12 cores, 15G,  Windows 11 , 64 bit Build 26100 (10.0.26100.7309)
Time: Tue Jan  6 23:25:45 2026 India Standard Time elapsed time: 13010.044108 seconds (0d 3h 36m 50s)

---------------  T H R E A D  ---------------

Current thread (0x000001b493c297f0):  JavaThread "Attach Listener" daemon [_thread_in_vm, id=27204, stack(0x000000666d700000,0x000000666d800000) (1024K)]

Stack: [0x000000666d700000,0x000000666d800000]
Native frames: (J=compiled Java code, j=interpreted, Vv=VM code, C=native code)
V  [jvm.dll+0x6d6e29]
V  [jvm.dll+0x8b4b76]
V  [jvm.dll+0x8b712e]
V  [jvm.dll+0x8b7813]
V  [jvm.dll+0x283d86]
V  [jvm.dll+0xc1277]
V  [jvm.dll+0x6d76d9]
V  [jvm.dll+0x133466]
V  [jvm.dll+0x3f7ea6]
V  [jvm.dll+0x85e9ad]
V  [jvm.dll+0x6d565d]
C  [ucrtbase.dll+0x37b0]
C  [KERNEL32.DLL+0x2e8d7]
C  [ntdll.dll+0x8c53c]


---------------  P R O C E S S  ---------------

Threads class SMR info:
_java_thread_list=0x000001b49dcb1610, length=42, elements={
0x000001b438b8dc80, 0x000001b493c22f90, 0x000001b493c25500, 0x000001b493c28da0,
0x000001b493c297f0, 0x000001b493c2bcb0, 0x000001b493c30490, 0x000001b493c380f0,
0x000001b493c3c1a0, 0x000001b493e22a90, 0x000001b493e23120, 0x000001b493e237b0,
0x000001b493e23e40, 0x000001b493e209c0, 0x000001b493e21050, 0x000001b493e216e0,
0x000001b493e21d70, 0x000001b493e22400, 0x000001b49962d220, 0x000001b49962c500,
0x000001b499630010, 0x000001b49962f980, 0x000001b499630d30, 0x000001b49962df40,
0x000001b49962d8b0, 0x000001b4996313c0, 0x000001b499633490, 0x000001b499631a50,
0x000001b4996320e0, 0x000001b499632770, 0x000001b499632e00, 0x000001b499633b20,
0x000001b49c837020, 0x000001b49c838a60, 0x000001b49c8390f0, 0x000001b49c837d40,
0x000001b49c839780, 0x000001b49ee2f7e0, 0x000001b4992ec5e0, 0x000001b4992ed300,
0x000001b49c83ab30, 0x000001b49ee2afb0
}

Java Threads: ( => current thread )
  0x000001b438b8dc80 JavaThread "main"                              [_thread_blocked, id=3084, stack(0x000000666cf00000,0x000000666d000000) (1024K)]
  0x000001b493c22f90 JavaThread "Reference Handler"          daemon [_thread_blocked, id=17788, stack(0x000000666d400000,0x000000666d500000) (1024K)]
  0x000001b493c25500 JavaThread "Finalizer"                  daemon [_thread_blocked, id=26312, stack(0x000000666d500000,0x000000666d600000) (1024K)]
  0x000001b493c28da0 JavaThread "Signal Dispatcher"          daemon [_thread_blocked, id=28224, stack(0x000000666d600000,0x000000666d700000) (1024K)]
=>0x000001b493c297f0 JavaThread "Attach Listener"            daemon [_thread_in_vm, id=27204, stack(0x000000666d700000,0x000000666d800000) (1024K)]
  0x000001b493c2bcb0 JavaThread "Service Thread"             daemon [_thread_blocked, id=30784, stack(0x000000666d800000,0x000000666d900000) (1024K)]
  0x000001b493c30490 JavaThread "Monitor Deflation Thread"   daemon [_thread_blocked, id=30664, stack(0x000000666d900000,0x000000666da00000) (1024K)]
  0x000001b493c380f0 JavaThread "C2 CompilerThread0"         daemon [_thread_blocked, id=3848, stack(0x000000666da00000,0x000000666db00000) (1024K)]
  0x000001b493c3c1a0 JavaThread "C1 CompilerThread0"         daemon [_thread_blocked, id=12132, stack(0x000000666db00000,0x000000666dc00000) (1024K)]
  0x000001b493e22a90 JavaThread "Common-Cleaner"             daemon [_thread_blocked, id=9592, stack(0x000000666dd00000,0x000000666de00000) (1024K)]
  0x000001b493e23120 JavaThread "Notification Thread"        daemon [_thread_blocked, id=4548, stack(0x000000666dc00000,0x000000666dd00000) (1024K)]
  0x000001b493e237b0 JavaThread "Active Thread: Equinox Container: b9cc307a-352c-454e-9876-1a135f00948e"        [_thread_blocked, id=30908, stack(0x000000666ec00000,0x000000666ed00000) (1024K)]
  0x000001b493e23e40 JavaThread "Framework Event Dispatcher: Equinox Container: b9cc307a-352c-454e-9876-1a135f00948e" daemon [_thread_blocked, id=29104, stack(0x000000666de00000,0x000000666df00000) (1024K)]
  0x000001b493e209c0 JavaThread "Start Level: Equinox Container: b9cc307a-352c-454e-9876-1a135f00948e" daemon [_thread_blocked, id=27656, stack(0x000000666e500000,0x000000666e600000) (1024K)]
  0x000001b493e21050 JavaThread "Bundle File Closer"         daemon [_thread_blocked, id=25804, stack(0x000000666e900000,0x000000666ea00000) (1024K)]
  0x000001b493e216e0 JavaThread "Refresh Thread: Equinox Container: b9cc307a-352c-454e-9876-1a135f00948e" daemon [_thread_blocked, id=21108, stack(0x000000666ea00000,0x000000666eb00000) (1024K)]
  0x000001b493e21d70 JavaThread "SCR Component Actor"        daemon [_thread_blocked, id=6388, stack(0x000000666e800000,0x000000666e900000) (1024K)]
  0x000001b493e22400 JavaThread "Worker-JM"                         [_thread_blocked, id=27244, stack(0x000000666eb00000,0x000000666ec00000) (1024K)]
  0x000001b49962d220 JavaThread "Worker-1"                          [_thread_blocked, id=9616, stack(0x000000666ee00000,0x000000666ef00000) (1024K)]
  0x000001b49962c500 JavaThread "Java indexing"              daemon [_thread_blocked, id=29748, stack(0x000000666f000000,0x000000666f100000) (1024K)]
  0x000001b499630010 JavaThread "JNA Cleaner"                daemon [_thread_blocked, id=25636, stack(0x000000666f200000,0x000000666f300000) (1024K)]
  0x000001b49962f980 JavaThread "Thread-1"                   daemon [_thread_in_native, id=26956, stack(0x000000666fa00000,0x000000666fb00000) (1024K)]
  0x000001b499630d30 JavaThread "Thread-2"                   daemon [_thread_in_native, id=27252, stack(0x000000666fb00000,0x000000666fc00000) (1024K)]
  0x000001b49962df40 JavaThread "Thread-3"                   daemon [_thread_in_native, id=31148, stack(0x000000666fc00000,0x000000666fd00000) (1024K)]
  0x000001b49962d8b0 JavaThread "Thread-4"                   daemon [_thread_in_native, id=31376, stack(0x000000666fd00000,0x000000666fe00000) (1024K)]
  0x000001b4996313c0 JavaThread "Thread-5"                   daemon [_thread_in_native, id=26860, stack(0x000000666fe00000,0x000000666ff00000) (1024K)]
  0x000001b499633490 JavaThread "Thread-6"                   daemon [_thread_in_native, id=29224, stack(0x000000666ff00000,0x0000006670000000) (1024K)]
  0x000001b499631a50 JavaThread "Thread-7"                   daemon [_thread_in_native, id=32056, stack(0x0000006670000000,0x0000006670100000) (1024K)]
  0x000001b4996320e0 JavaThread "Thread-8"                   daemon [_thread_in_native, id=17464, stack(0x0000006670100000,0x0000006670200000) (1024K)]
  0x000001b499632770 JavaThread "Thread-9"                   daemon [_thread_in_native, id=1532, stack(0x0000006670200000,0x0000006670300000) (1024K)]
  0x000001b499632e00 JavaThread "Thread-10"                  daemon [_thread_in_native, id=15660, stack(0x0000006670300000,0x0000006670400000) (1024K)]
  0x000001b499633b20 JavaThread "Thread-11"                  daemon [_thread_in_native, id=2348, stack(0x0000006670400000,0x0000006670500000) (1024K)]
  0x000001b49c837020 JavaThread "Thread-12"                  daemon [_thread_in_native, id=32644, stack(0x0000006670500000,0x0000006670600000) (1024K)]
  0x000001b49c838a60 JavaThread "Thread-13"                  daemon [_thread_in_native, id=22688, stack(0x0000006670600000,0x0000006670700000) (1024K)]
  0x000001b49c8390f0 JavaThread "pool-2-thread-1"                   [_thread_blocked, id=27096, stack(0x0000006670700000,0x0000006670800000) (1024K)]
  0x000001b49c837d40 JavaThread "WorkspaceEventsHandler"            [_thread_blocked, id=27652, stack(0x0000006670800000,0x0000006670900000) (1024K)]
  0x000001b49c839780 JavaThread "pool-1-thread-1"                   [_thread_blocked, id=30880, stack(0x0000006670900000,0x0000006670a00000) (1024K)]
  0x000001b49ee2f7e0 JavaThread "Cleaner-0"                  daemon [_thread_blocked, id=32472, stack(0x000000666e700000,0x000000666e800000) (1024K)]
  0x000001b4992ec5e0 JavaThread "Java Debug Server"          daemon [_thread_in_native, id=30196, stack(0x0000006671300000,0x0000006671400000) (1024K)]
  0x000001b4992ed300 JavaThread "RxSchedulerPurge-1"         daemon [_thread_blocked, id=2912, stack(0x0000006672500000,0x0000006672600000) (1024K)]
  0x000001b49c83ab30 JavaThread "RxCachedWorkerPoolEvictor-1" daemon [_thread_blocked, id=26076, stack(0x0000006672600000,0x0000006672700000) (1024K)]
  0x000001b49ee2afb0 JavaThread "Worker-8"                          [_thread_blocked, id=12244, stack(0x000000666f600000,0x000000666f700000) (1024K)]
Total: 42

Other Threads:
  0x000001b451994a90 VMThread "VM Thread"                           [id=28964, stack(0x000000666d300000,0x000000666d400000) (1024K)]
  0x000001b45188bf20 WatcherThread "VM Periodic Task Thread"        [id=28712, stack(0x000000666d200000,0x000000666d300000) (1024K)]
  0x000001b43af537b0 WorkerThread "GC Thread#0"                     [id=10340, stack(0x000000666d100000,0x000000666d200000) (1024K)]
  0x000001b49956dc20 WorkerThread "GC Thread#1"                     [id=9236, stack(0x000000666df00000,0x000000666e000000) (1024K)]
  0x000001b4995e8540 WorkerThread "GC Thread#2"                     [id=17264, stack(0x000000666e000000,0x000000666e100000) (1024K)]
  0x000001b4995bf390 WorkerThread "GC Thread#3"                     [id=29620, stack(0x000000666e100000,0x000000666e200000) (1024K)]
  0x000001b4995bf730 WorkerThread "GC Thread#4"                     [id=31264, stack(0x000000666e200000,0x000000666e300000) (1024K)]
  0x000001b499686b50 WorkerThread "GC Thread#5"                     [id=5984, stack(0x000000666e300000,0x000000666e400000) (1024K)]
  0x000001b499686ef0 WorkerThread "GC Thread#6"                     [id=29300, stack(0x000000666e400000,0x000000666e500000) (1024K)]
  0x000001b49955fde0 WorkerThread "GC Thread#7"                     [id=11932, stack(0x000000666e600000,0x000000666e700000) (1024K)]
  0x000001b49ac18380 WorkerThread "GC Thread#8"                     [id=760, stack(0x000000666f800000,0x000000666f900000) (1024K)]
  0x000001b49a482b30 WorkerThread "GC Thread#9"                     [id=2156, stack(0x000000666f900000,0x000000666fa00000) (1024K)]
Total: 12

Threads with active compile tasks:
Total: 0

VM state: not at safepoint (normal execution)

VM Mutex/Monitor currently owned by a thread: None

Heap address: 0x0000000080000000, size: 2048 MB, Compressed Oops mode: 32-bit

CDS archive(s) mapped at: [0x000001b452000000-0x000001b452ba0000-0x000001b452ba0000), size 12189696, SharedBaseAddress: 0x000001b452000000, ArchiveRelocationMode: 1.
Compressed class space mapped at: 0x000001b453000000-0x000001b493000000, reserved size: 1073741824
Narrow klass base: 0x000001b452000000, Narrow klass shift: 0, Narrow klass range: 0x100000000

GC Precious Log:
 CardTable entry size: 512
 CPUs: 12 total, 12 available
 Memory: 15773M
 Large Page Support: Disabled
 NUMA Support: Disabled
 Compressed Oops: Enabled (32-bit)
 Alignments: Space 512K, Generation 512K, Heap 2M
 Heap Min Capacity: 100M
 Heap Initial Capacity: 100M
 Heap Max Capacity: 2G
 Pre-touch: Disabled
 Parallel Workers: 10

Heap:
 PSYoungGen      total 5120K, used 2868K [0x00000000d5580000, 0x00000000d5d80000, 0x0000000100000000)
  eden space 3584K, 72% used [0x00000000d5580000,0x00000000d580d2b8,0x00000000d5900000)
  from space 1536K, 16% used [0x00000000d5a80000,0x00000000d5ac0000,0x00000000d5c00000)
  to   space 512K, 0% used [0x00000000d5d00000,0x00000000d5d00000,0x00000000d5d80000)
 ParOldGen       total 281600K, used 268801K [0x0000000080000000, 0x0000000091300000, 0x00000000d5580000)
  object space 281600K, 95% used [0x0000000080000000,0x00000000906807b8,0x0000000091300000)
 Metaspace       used 89870K, committed 91712K, reserved 1179648K
  class space    used 9178K, committed 9984K, reserved 1048576K

Card table byte_map: [0x000001b43a8b0000,0x000001b43acc0000] _byte_map_base: 0x000001b43a4b0000

Marking Bits: (ParMarkBitMap*) 0x00007ff8dd4b2460
 Begin Bits: [0x000001b44d3b0000, 0x000001b44f3b0000)
 End Bits:   [0x000001b44f3b0000, 0x000001b4513b0000)

Polling page: 0x000001b438d70000

Metaspace:

Usage:
  Non-class:     78.80 MB used.
      Class:      8.96 MB used.
       Both:     87.76 MB used.

Virtual space:
  Non-class space:      128.00 MB reserved,      79.81 MB ( 62%) committed,  2 nodes.
      Class space:        1.00 GB reserved,       9.75 MB ( <1%) committed,  1 nodes.
             Both:        1.12 GB reserved,      89.56 MB (  8%) committed. 

Chunk freelists:
   Non-Class:  15.67 MB
       Class:  6.37 MB
        Both:  22.04 MB

MaxMetaspaceSize: unlimited
CompressedClassSpaceSize: 1.00 GB
Initial GC threshold: 21.00 MB
Current GC threshold: 149.31 MB
CDS: on
 - commit_granule_bytes: 65536.
 - commit_granule_words: 8192.
 - virtual_space_node_default_size: 8388608.
 - enlarge_chunks_in_place: 1.
 - use_allocation_guard: 0.


Internal statistics:

num_allocs_failed_limit: 9.
num_arena_births: 1618.
num_arena_deaths: 214.
num_vsnodes_births: 3.
num_vsnodes_deaths: 0.
num_space_committed: 1433.
num_space_uncommitted: 0.
num_chunks_returned_to_freelist: 239.
num_chunks_taken_from_freelist: 5978.
num_chunk_merges: 61.
num_chunk_splits: 3608.
num_chunks_enlarged: 1980.
num_inconsistent_stats: 0.

CodeHeap 'non-profiled nmethods': size=120000Kb used=18122Kb max_used=22299Kb free=101877Kb
 bounds [0x000001b445bd0000, 0x000001b4471a0000, 0x000001b44d100000]
CodeHeap 'profiled nmethods': size=120000Kb used=34865Kb max_used=50497Kb free=85134Kb
 bounds [0x000001b43e100000, 0x000001b441260000, 0x000001b445630000]
CodeHeap 'non-nmethods': size=5760Kb used=1535Kb max_used=1608Kb free=4224Kb
 bounds [0x000001b445630000, 0x000001b4458a0000, 0x000001b445bd0000]
CodeCache: size=245760Kb, used=54522Kb, max_used=74404Kb, free=191235Kb
 total_blobs=15960, nmethods=15098, adapters=765, full_count=0
Compilation: enabled, stopped_count=0, restarted_count=0

Compilation events (20 events):
Event: 11439.093 Thread 0x000001b493c3c1a0 22992       3       java.util.logging.LogManager::demandLogger (53 bytes)
Event: 11439.094 Thread 0x000001b493c3c1a0 nmethod 22992 0x000001b43e113890 code [0x000001b43e113ac0, 0x000001b43e114118]
Event: 12219.325 Thread 0x000001b493c3c1a0 22993       3       java.util.logging.Logger::getLogger (8 bytes)
Event: 12219.327 Thread 0x000001b493c3c1a0 nmethod 22993 0x000001b43e1fde10 code [0x000001b43e1fdfe0, 0x000001b43e1fe1a0]
Event: 12219.327 Thread 0x000001b493c3c1a0 22994       3       java.util.logging.Logger::getLogger (7 bytes)
Event: 12219.327 Thread 0x000001b493c3c1a0 nmethod 22994 0x000001b43e180790 code [0x000001b43e180940, 0x000001b43e180a68]
Event: 12219.327 Thread 0x000001b493c3c1a0 22995       3       java.util.logging.Logger::demandLogger (36 bytes)
Event: 12219.333 Thread 0x000001b493c3c1a0 nmethod 22995 0x000001b43e370890 code [0x000001b43e370b20, 0x000001b43e3715d0]
Event: 12633.574 Thread 0x000001b493c3c1a0 22996   !   3       org.eclipse.osgi.container.ModuleDatabase::getTimestamp (25 bytes)
Event: 12633.637 Thread 0x000001b493c3c1a0 nmethod 22996 0x000001b43e520110 code [0x000001b43e520360, 0x000001b43e520ca8]
Event: 12693.591 Thread 0x000001b493c3c1a0 22997       3       org.eclipse.osgi.storage.Storage::isReadOnly (10 bytes)
Event: 12693.601 Thread 0x000001b493c3c1a0 nmethod 22997 0x000001b43e199310 code [0x000001b43e1994c0, 0x000001b43e199640]
Event: 12868.597 Thread 0x000001b493c3c1a0 22998       3       org.eclipse.core.internal.dtree.DataTreeNode::storeStrings (28 bytes)
Event: 12868.612 Thread 0x000001b493c3c1a0 nmethod 22998 0x000001b43e2a7b90 code [0x000001b43e2a7d60, 0x000001b43e2a81e0]
Event: 12963.639 Thread 0x000001b493c3c1a0 22999   !   3       org.eclipse.osgi.storage.Storage::save (62 bytes)
Event: 12963.651 Thread 0x000001b493c3c1a0 nmethod 22999 0x000001b43e274210 code [0x000001b43e274400, 0x000001b43e274770]
Event: 12963.651 Thread 0x000001b493c3c1a0 23000   !   3       org.eclipse.osgi.storage.Storage::save0 (246 bytes)
Event: 12963.727 Thread 0x000001b493c3c1a0 nmethod 23000 0x000001b43eb7ca10 code [0x000001b43eb7cf20, 0x000001b43eb7fb08]
Event: 12993.650 Thread 0x000001b493c3c1a0 23001   !   3       org.eclipse.osgi.internal.framework.StorageSaver$StorageSaverTask::run (31 bytes)
Event: 12993.681 Thread 0x000001b493c3c1a0 nmethod 23001 0x000001b43e121310 code [0x000001b43e1214e0, 0x000001b43e121760]

GC Heap History (20 events):
Event: 1846.256 GC heap before
{Heap before GC invocations=3412 (full 6):
 PSYoungGen      total 4096K, used 4095K [0x00000000d5580000, 0x00000000d5b00000, 0x0000000100000000)
  eden space 3584K, 99% used [0x00000000d5580000,0x00000000d58ffff0,0x00000000d5900000)
  from space 512K, 100% used [0x00000000d5900000,0x00000000d5980000,0x00000000d5980000)
  to   space 1024K, 0% used [0x00000000d5a00000,0x00000000d5a00000,0x00000000d5b00000)
 ParOldGen       total 281600K, used 257455K [0x0000000080000000, 0x0000000091300000, 0x00000000d5580000)
  object space 281600K, 91% used [0x0000000080000000,0x000000008fb6bdc8,0x0000000091300000)
 Metaspace       used 89831K, committed 91712K, reserved 1179648K
  class space    used 9178K, committed 9984K, reserved 1048576K
}
Event: 1846.260 GC heap after
{Heap after GC invocations=3412 (full 6):
 PSYoungGen      total 4608K, used 768K [0x00000000d5580000, 0x00000000d5b00000, 0x0000000100000000)
  eden space 3584K, 0% used [0x00000000d5580000,0x00000000d5580000,0x00000000d5900000)
  from space 1024K, 75% used [0x00000000d5a00000,0x00000000d5ac0000,0x00000000d5b00000)
  to   space 1024K, 0% used [0x00000000d5900000,0x00000000d5900000,0x00000000d5a00000)
 ParOldGen       total 281600K, used 257812K [0x0000000080000000, 0x0000000091300000, 0x00000000d5580000)
  object space 281600K, 91% used [0x0000000080000000,0x000000008fbc5258,0x0000000091300000)
 Metaspace       used 89831K, committed 91712K, reserved 1179648K
  class space    used 9178K, committed 9984K, reserved 1048576K
}
Event: 1846.575 GC heap before
{Heap before GC invocations=3413 (full 6):
 PSYoungGen      total 4608K, used 4352K [0x00000000d5580000, 0x00000000d5b00000, 0x0000000100000000)
  eden space 3584K, 100% used [0x00000000d5580000,0x00000000d5900000,0x00000000d5900000)
  from space 1024K, 75% used [0x00000000d5a00000,0x00000000d5ac0000,0x00000000d5b00000)
  to   space 1024K, 0% used [0x00000000d5900000,0x00000000d5900000,0x00000000d5a00000)
 ParOldGen       total 281600K, used 257812K [0x0000000080000000, 0x0000000091300000, 0x00000000d5580000)
  object space 281600K, 91% used [0x0000000080000000,0x000000008fbc5258,0x0000000091300000)
 Metaspace       used 89831K, committed 91712K, reserved 1179648K
  class space    used 9178K, committed 9984K, reserved 1048576K
}
Event: 1846.577 GC heap after
{Heap after GC invocations=3413 (full 6):
 PSYoungGen      total 4608K, used 576K [0x00000000d5580000, 0x00000000d5b00000, 0x0000000100000000)
  eden space 3584K, 0% used [0x00000000d5580000,0x00000000d5580000,0x00000000d5900000)
  from space 1024K, 56% used [0x00000000d5900000,0x00000000d5990000,0x00000000d5a00000)
  to   space 1024K, 0% used [0x00000000d5a00000,0x00000000d5a00000,0x00000000d5b00000)
 ParOldGen       total 281600K, used 258076K [0x0000000080000000, 0x0000000091300000, 0x00000000d5580000)
  object space 281600K, 91% used [0x0000000080000000,0x000000008fc07258,0x0000000091300000)
 Metaspace       used 89831K, committed 91712K, reserved 1179648K
  class space    used 9178K, committed 9984K, reserved 1048576K
}
Event: 1846.983 GC heap before
{Heap before GC invocations=3414 (full 6):
 PSYoungGen      total 4608K, used 4160K [0x00000000d5580000, 0x00000000d5b00000, 0x0000000100000000)
  eden space 3584K, 100% used [0x00000000d5580000,0x00000000d5900000,0x00000000d5900000)
  from space 1024K, 56% used [0x00000000d5900000,0x00000000d5990000,0x00000000d5a00000)
  to   space 1024K, 0% used [0x00000000d5a00000,0x00000000d5a00000,0x00000000d5b00000)
 ParOldGen       total 281600K, used 258076K [0x0000000080000000, 0x0000000091300000, 0x00000000d5580000)
  object space 281600K, 91% used [0x0000000080000000,0x000000008fc07258,0x0000000091300000)
 Metaspace       used 89831K, committed 91712K, reserved 1179648K
  class space    used 9178K, committed 9984K, reserved 1048576K
}
Event: 1846.986 GC heap after
{Heap after GC invocations=3414 (full 6):
 PSYoungGen      total 4608K, used 640K [0x00000000d5580000, 0x00000000d5b00000, 0x0000000100000000)
  eden space 3584K, 0% used [0x00000000d5580000,0x00000000d5580000,0x00000000d5900000)
  from space 1024K, 62% used [0x00000000d5a00000,0x00000000d5aa0000,0x00000000d5b00000)
  to   space 1024K, 0% used [0x00000000d5900000,0x00000000d5900000,0x00000000d5a00000)
 ParOldGen       total 281600K, used 258100K [0x0000000080000000, 0x0000000091300000, 0x00000000d5580000)
  object space 281600K, 91% used [0x0000000080000000,0x000000008fc0d258,0x0000000091300000)
 Metaspace       used 89831K, committed 91712K, reserved 1179648K
  class space    used 9178K, committed 9984K, reserved 1048576K
}
Event: 1847.162 GC heap before
{Heap before GC invocations=3415 (full 6):
 PSYoungGen      total 4608K, used 4224K [0x00000000d5580000, 0x00000000d5b00000, 0x0000000100000000)
  eden space 3584K, 100% used [0x00000000d5580000,0x00000000d5900000,0x00000000d5900000)
  from space 1024K, 62% used [0x00000000d5a00000,0x00000000d5aa0000,0x00000000d5b00000)
  to   space 1024K, 0% used [0x00000000d5900000,0x00000000d5900000,0x00000000d5a00000)
 ParOldGen       total 281600K, used 258100K [0x0000000080000000, 0x0000000091300000, 0x00000000d5580000)
  object space 281600K, 91% used [0x0000000080000000,0x000000008fc0d258,0x0000000091300000)
 Metaspace       used 89831K, committed 91712K, reserved 1179648K
  class space    used 9178K, committed 9984K, reserved 1048576K
}
Event: 1847.164 GC heap after
{Heap after GC invocations=3415 (full 6):
 PSYoungGen      total 4608K, used 352K [0x00000000d5580000, 0x00000000d5a80000, 0x0000000100000000)
  eden space 3584K, 0% used [0x00000000d5580000,0x00000000d5580000,0x00000000d5900000)
  from space 1024K, 34% used [0x00000000d5900000,0x00000000d5958000,0x00000000d5a00000)
  to   space 512K, 0% used [0x00000000d5a00000,0x00000000d5a00000,0x00000000d5a80000)
 ParOldGen       total 281600K, used 258553K [0x0000000080000000, 0x0000000091300000, 0x00000000d5580000)
  object space 281600K, 91% used [0x0000000080000000,0x000000008fc7e6e8,0x0000000091300000)
 Metaspace       used 89831K, committed 91712K, reserved 1179648K
  class space    used 9178K, committed 9984K, reserved 1048576K
}
Event: 1847.827 GC heap before
{Heap before GC invocations=3416 (full 6):
 PSYoungGen      total 4608K, used 3828K [0x00000000d5580000, 0x00000000d5a80000, 0x0000000100000000)
  eden space 3584K, 96% used [0x00000000d5580000,0x00000000d58e5170,0x00000000d5900000)
  from space 1024K, 34% used [0x00000000d5900000,0x00000000d5958000,0x00000000d5a00000)
  to   space 512K, 0% used [0x00000000d5a00000,0x00000000d5a00000,0x00000000d5a80000)
 ParOldGen       total 281600K, used 258553K [0x0000000080000000, 0x0000000091300000, 0x00000000d5580000)
  object space 281600K, 91% used [0x0000000080000000,0x000000008fc7e6e8,0x0000000091300000)
 Metaspace       used 89831K, committed 91712K, reserved 1179648K
  class space    used 9178K, committed 9984K, reserved 1048576K
}
Event: 1847.831 GC heap after
{Heap after GC invocations=3416 (full 6):
 PSYoungGen      total 4096K, used 500K [0x00000000d5580000, 0x00000000d5b00000, 0x0000000100000000)
  eden space 3584K, 0% used [0x00000000d5580000,0x00000000d5580000,0x00000000d5900000)
  from space 512K, 97% used [0x00000000d5a00000,0x00000000d5a7d2e8,0x00000000d5a80000)
  to   space 1024K, 0% used [0x00000000d5900000,0x00000000d5900000,0x00000000d5a00000)
 ParOldGen       total 281600K, used 258737K [0x0000000080000000, 0x0000000091300000, 0x00000000d5580000)
  object space 281600K, 91% used [0x0000000080000000,0x000000008fcac6e8,0x0000000091300000)
 Metaspace       used 89831K, committed 91712K, reserved 1179648K
  class space    used 9178K, committed 9984K, reserved 1048576K
}
Event: 1847.845 GC heap before
{Heap before GC invocations=3417 (full 6):
 PSYoungGen      total 4096K, used 4084K [0x00000000d5580000, 0x00000000d5b00000, 0x0000000100000000)
  eden space 3584K, 100% used [0x00000000d5580000,0x00000000d5900000,0x00000000d5900000)
  from space 512K, 97% used [0x00000000d5a00000,0x00000000d5a7d2e8,0x00000000d5a80000)
  to   space 1024K, 0% used [0x00000000d5900000,0x00000000d5900000,0x00000000d5a00000)
 ParOldGen       total 281600K, used 258737K [0x0000000080000000, 0x0000000091300000, 0x00000000d5580000)
  object space 281600K, 91% used [0x0000000080000000,0x000000008fcac6e8,0x0000000091300000)
 Metaspace       used 89831K, committed 91712K, reserved 1179648K
  class space    used 9178K, committed 9984K, reserved 1048576K
}
Event: 1847.849 GC heap after
{Heap after GC invocations=3417 (full 6):
 PSYoungGen      total 4608K, used 1012K [0x00000000d5580000, 0x00000000d6200000, 0x0000000100000000)
  eden space 3584K, 0% used [0x00000000d5580000,0x00000000d5580000,0x00000000d5900000)
  from space 1024K, 98% used [0x00000000d5900000,0x00000000d59fd2e8,0x00000000d5a00000)
  to   space 4608K, 0% used [0x00000000d5d80000,0x00000000d5d80000,0x00000000d6200000)
 ParOldGen       total 281600K, used 261526K [0x0000000080000000, 0x0000000091300000, 0x00000000d5580000)
  object space 281600K, 92% used [0x0000000080000000,0x000000008ff659e0,0x0000000091300000)
 Metaspace       used 89831K, committed 91712K, reserved 1179648K
  class space    used 9178K, committed 9984K, reserved 1048576K
}
Event: 1847.870 GC heap before
{Heap before GC invocations=3418 (full 6):
 PSYoungGen      total 4608K, used 4596K [0x00000000d5580000, 0x00000000d6200000, 0x0000000100000000)
  eden space 3584K, 100% used [0x00000000d5580000,0x00000000d5900000,0x00000000d5900000)
  from space 1024K, 98% used [0x00000000d5900000,0x00000000d59fd2e8,0x00000000d5a00000)
  to   space 4608K, 0% used [0x00000000d5d80000,0x00000000d5d80000,0x00000000d6200000)
 ParOldGen       total 281600K, used 261526K [0x0000000080000000, 0x0000000091300000, 0x00000000d5580000)
  object space 281600K, 92% used [0x0000000080000000,0x000000008ff659e0,0x0000000091300000)
 Metaspace       used 89831K, committed 91712K, reserved 1179648K
  class space    used 9178K, committed 9984K, reserved 1048576K
}
Event: 1847.876 GC heap after
{Heap after GC invocations=3418 (full 6):
 PSYoungGen      total 6656K, used 3040K [0x00000000d5580000, 0x00000000d6080000, 0x0000000100000000)
  eden space 3584K, 0% used [0x00000000d5580000,0x00000000d5580000,0x00000000d5900000)
  from space 3072K, 98% used [0x00000000d5d80000,0x00000000d6078000,0x00000000d6080000)
  to   space 3584K, 0% used [0x00000000d5980000,0x00000000d5980000,0x00000000d5d00000)
 ParOldGen       total 281600K, used 262539K [0x0000000080000000, 0x0000000091300000, 0x00000000d5580000)
  object space 281600K, 93% used [0x0000000080000000,0x0000000090062cc8,0x0000000091300000)
 Metaspace       used 89831K, committed 91712K, reserved 1179648K
  class space    used 9178K, committed 9984K, reserved 1048576K
}
Event: 1847.915 GC heap before
{Heap before GC invocations=3419 (full 6):
 PSYoungGen      total 6656K, used 6623K [0x00000000d5580000, 0x00000000d6080000, 0x0000000100000000)
  eden space 3584K, 99% used [0x00000000d5580000,0x00000000d58ffec8,0x00000000d5900000)
  from space 3072K, 98% used [0x00000000d5d80000,0x00000000d6078000,0x00000000d6080000)
  to   space 3584K, 0% used [0x00000000d5980000,0x00000000d5980000,0x00000000d5d00000)
 ParOldGen       total 281600K, used 262539K [0x0000000080000000, 0x0000000091300000, 0x00000000d5580000)
  object space 281600K, 93% used [0x0000000080000000,0x0000000090062cc8,0x0000000091300000)
 Metaspace       used 89831K, committed 91712K, reserved 1179648K
  class space    used 9178K, committed 9984K, reserved 1048576K
}
Event: 1847.920 GC heap after
{Heap after GC invocations=3419 (full 6):
 PSYoungGen      total 7168K, used 3570K [0x00000000d5580000, 0x00000000d6100000, 0x0000000100000000)
  eden space 3584K, 0% used [0x00000000d5580000,0x00000000d5580000,0x00000000d5900000)
  from space 3584K, 99% used [0x00000000d5980000,0x00000000d5cfcaf0,0x00000000d5d00000)
  to   space 4096K, 0% used [0x00000000d5d00000,0x00000000d5d00000,0x00000000d6100000)
 ParOldGen       total 281600K, used 265467K [0x0000000080000000, 0x0000000091300000, 0x00000000d5580000)
  object space 281600K, 94% used [0x0000000080000000,0x000000009033ecc8,0x0000000091300000)
 Metaspace       used 89831K, committed 91712K, reserved 1179648K
  class space    used 9178K, committed 9984K, reserved 1048576K
}
Event: 1848.452 GC heap before
{Heap before GC invocations=3420 (full 6):
 PSYoungGen      total 7168K, used 7154K [0x00000000d5580000, 0x00000000d6100000, 0x0000000100000000)
  eden space 3584K, 100% used [0x00000000d5580000,0x00000000d5900000,0x00000000d5900000)
  from space 3584K, 99% used [0x00000000d5980000,0x00000000d5cfcaf0,0x00000000d5d00000)
  to   space 4096K, 0% used [0x00000000d5d00000,0x00000000d5d00000,0x00000000d6100000)
 ParOldGen       total 281600K, used 265467K [0x0000000080000000, 0x0000000091300000, 0x00000000d5580000)
  object space 281600K, 94% used [0x0000000080000000,0x000000009033ecc8,0x0000000091300000)
 Metaspace       used 89831K, committed 91712K, reserved 1179648K
  class space    used 9178K, committed 9984K, reserved 1048576K
}
Event: 1848.458 GC heap after
{Heap after GC invocations=3420 (full 6):
 PSYoungGen      total 4096K, used 224K [0x00000000d5580000, 0x00000000d5d80000, 0x0000000100000000)
  eden space 3584K, 0% used [0x00000000d5580000,0x00000000d5580000,0x00000000d5900000)
  from space 512K, 43% used [0x00000000d5d00000,0x00000000d5d38000,0x00000000d5d80000)
  to   space 1536K, 0% used [0x00000000d5a80000,0x00000000d5a80000,0x00000000d5c00000)
 ParOldGen       total 281600K, used 268713K [0x0000000080000000, 0x0000000091300000, 0x00000000d5580000)
  object space 281600K, 95% used [0x0000000080000000,0x000000009066a7b8,0x0000000091300000)
 Metaspace       used 89831K, committed 91712K, reserved 1179648K
  class space    used 9178K, committed 9984K, reserved 1048576K
}
Event: 8361.799 GC heap before
{Heap before GC invocations=3421 (full 6):
 PSYoungGen      total 4096K, used 3808K [0x00000000d5580000, 0x00000000d5d80000, 0x0000000100000000)
  eden space 3584K, 100% used [0x00000000d5580000,0x00000000d5900000,0x00000000d5900000)
  from space 512K, 43% used [0x00000000d5d00000,0x00000000d5d38000,0x00000000d5d80000)
  to   space 1536K, 0% used [0x00000000d5a80000,0x00000000d5a80000,0x00000000d5c00000)
 ParOldGen       total 281600K, used 268713K [0x0000000080000000, 0x0000000091300000, 0x00000000d5580000)
  object space 281600K, 95% used [0x0000000080000000,0x000000009066a7b8,0x0000000091300000)
 Metaspace       used 89836K, committed 91712K, reserved 1179648K
  class space    used 9178K, committed 9984K, reserved 1048576K
}
Event: 8361.801 GC heap after
{Heap after GC invocations=3421 (full 6):
 PSYoungGen      total 5120K, used 256K [0x00000000d5580000, 0x00000000d5d80000, 0x0000000100000000)
  eden space 3584K, 0% used [0x00000000d5580000,0x00000000d5580000,0x00000000d5900000)
  from space 1536K, 16% used [0x00000000d5a80000,0x00000000d5ac0000,0x00000000d5c00000)
  to   space 512K, 0% used [0x00000000d5d00000,0x00000000d5d00000,0x00000000d5d80000)
 ParOldGen       total 281600K, used 268801K [0x0000000080000000, 0x0000000091300000, 0x00000000d5580000)
  object space 281600K, 95% used [0x0000000080000000,0x00000000906807b8,0x0000000091300000)
 Metaspace       used 89836K, committed 91712K, reserved 1179648K
  class space    used 9178K, committed 9984K, reserved 1048576K
}

Dll operation events (14 events):
Event: 0.019 Loaded shared library c:\Users\HARSHWARDHAN GAIKWAD\.vscode\extensions\redhat.java-1.51.0-win32-x64\jre\21.0.9-win32-x86_64\bin\java.dll
Event: 0.153 Loaded shared library c:\Users\HARSHWARDHAN GAIKWAD\.vscode\extensions\redhat.java-1.51.0-win32-x64\jre\21.0.9-win32-x86_64\bin\zip.dll
Event: 0.198 Loaded shared library C:\Users\HARSHWARDHAN GAIKWAD\.vscode\extensions\redhat.java-1.51.0-win32-x64\jre\21.0.9-win32-x86_64\bin\instrument.dll
Event: 0.272 Loaded shared library C:\Users\HARSHWARDHAN GAIKWAD\.vscode\extensions\redhat.java-1.51.0-win32-x64\jre\21.0.9-win32-x86_64\bin\net.dll
Event: 0.334 Loaded shared library C:\Users\HARSHWARDHAN GAIKWAD\.vscode\extensions\redhat.java-1.51.0-win32-x64\jre\21.0.9-win32-x86_64\bin\nio.dll
Event: 0.341 Loaded shared library C:\Users\HARSHWARDHAN GAIKWAD\.vscode\extensions\redhat.java-1.51.0-win32-x64\jre\21.0.9-win32-x86_64\bin\zip.dll
Event: 0.373 Loaded shared library C:\Users\HARSHWARDHAN GAIKWAD\.vscode\extensions\redhat.java-1.51.0-win32-x64\jre\21.0.9-win32-x86_64\bin\jimage.dll
Event: 0.574 Loaded shared library c:\Users\HARSHWARDHAN GAIKWAD\.vscode\extensions\redhat.java-1.51.0-win32-x64\jre\21.0.9-win32-x86_64\bin\verify.dll
Event: 16.864 Loaded shared library C:\Users\HARSHWARDHAN GAIKWAD\AppData\Roaming\Code\User\globalStorage\redhat.java\1.51.0\config_win\org.eclipse.equinox.launcher\org.eclipse.equinox.launcher.win32.win32.x86_64_1.2.1400.v20250801-0854\eclipse_11916.dll
Event: 28.981 Loaded shared library C:\Users\HARSHWARDHAN GAIKWAD\.vscode\extensions\redhat.java-1.51.0-win32-x64\jre\21.0.9-win32-x86_64\bin\management.dll
Event: 28.987 Loaded shared library C:\Users\HARSHWARDHAN GAIKWAD\.vscode\extensions\redhat.java-1.51.0-win32-x64\jre\21.0.9-win32-x86_64\bin\management_ext.dll
Event: 30.878 Loaded shared library C:\Users\HARSHWARDHAN GAIKWAD\AppData\Local\Temp\jna-1871262409\jna9836687623020111266.dll
Event: 31.116 Loaded shared library C:\Users\HARSHWARDHAN GAIKWAD\.vscode\extensions\redhat.java-1.51.0-win32-x64\jre\21.0.9-win32-x86_64\bin\sunmscapi.dll
Event: 31.704 Loaded shared library C:\Users\HARSHWARDHAN GAIKWAD\.vscode\extensions\redhat.java-1.51.0-win32-x64\jre\21.0.9-win32-x86_64\bin\extnet.dll

Deoptimization events (20 events):
Event: 2147.925 Thread 0x000001b49ee2bcd0 Uncommon trap: trap_request=0xffffffde fr.pc=0x000001b44601a2f4 relative=0x00000000000009f4
Event: 2147.925 Thread 0x000001b49ee2bcd0 Uncommon trap: reason=class_check action=maybe_recompile pc=0x000001b44601a2f4 method=java.util.concurrent.ThreadPoolExecutor.getTask()Ljava/lang/Runnable; @ 98 c2
Event: 2147.925 Thread 0x000001b49ee2bcd0 DEOPT PACKING pc=0x000001b44601a2f4 sp=0x000000666f7ff4a0
Event: 2147.925 Thread 0x000001b49ee2bcd0 DEOPT UNPACKING pc=0x000001b445683aa2 sp=0x000000666f7ff498 mode 2
Event: 8361.767 Thread 0x000001b4992ed300 Uncommon trap: trap_request=0xffffffd6 fr.pc=0x000001b445c3063c relative=0x00000000000002fc
Event: 8361.767 Thread 0x000001b4992ed300 Uncommon trap: reason=array_check action=maybe_recompile pc=0x000001b445c3063c method=java.util.concurrent.ScheduledThreadPoolExecutor$DelayedWorkQueue.offer(Ljava/lang/Runnable;)Z @ 65 c2
Event: 8361.767 Thread 0x000001b4992ed300 DEOPT PACKING pc=0x000001b445c3063c sp=0x00000066725fed80
Event: 8361.779 Thread 0x000001b4992ed300 DEOPT UNPACKING pc=0x000001b445683aa2 sp=0x00000066725fecf0 mode 2
Event: 8361.780 Thread 0x000001b4992ed300 Uncommon trap: trap_request=0xffffffd6 fr.pc=0x000001b445c3063c relative=0x00000000000002fc
Event: 8361.780 Thread 0x000001b4992ed300 Uncommon trap: reason=array_check action=maybe_recompile pc=0x000001b445c3063c method=java.util.concurrent.ScheduledThreadPoolExecutor$DelayedWorkQueue.offer(Ljava/lang/Runnable;)Z @ 65 c2
Event: 8361.780 Thread 0x000001b4992ed300 DEOPT PACKING pc=0x000001b445c3063c sp=0x00000066725fed80
Event: 8361.780 Thread 0x000001b4992ed300 DEOPT UNPACKING pc=0x000001b445683aa2 sp=0x00000066725fecf0 mode 2
Event: 8361.780 Thread 0x000001b4992ed300 Uncommon trap: trap_request=0xffffffd6 fr.pc=0x000001b445c3063c relative=0x00000000000002fc
Event: 8361.780 Thread 0x000001b4992ed300 Uncommon trap: reason=array_check action=maybe_recompile pc=0x000001b445c3063c method=java.util.concurrent.ScheduledThreadPoolExecutor$DelayedWorkQueue.offer(Ljava/lang/Runnable;)Z @ 65 c2
Event: 8361.780 Thread 0x000001b4992ed300 DEOPT PACKING pc=0x000001b445c3063c sp=0x00000066725fed80
Event: 8361.780 Thread 0x000001b4992ed300 DEOPT UNPACKING pc=0x000001b445683aa2 sp=0x00000066725fecf0 mode 2
Event: 8361.780 Thread 0x000001b4992ed300 Uncommon trap: trap_request=0xffffffd6 fr.pc=0x000001b445c3063c relative=0x00000000000002fc
Event: 8361.780 Thread 0x000001b4992ed300 Uncommon trap: reason=array_check action=maybe_recompile pc=0x000001b445c3063c method=java.util.concurrent.ScheduledThreadPoolExecutor$DelayedWorkQueue.offer(Ljava/lang/Runnable;)Z @ 65 c2
Event: 8361.780 Thread 0x000001b4992ed300 DEOPT PACKING pc=0x000001b445c3063c sp=0x00000066725fed80
Event: 8361.780 Thread 0x000001b4992ed300 DEOPT UNPACKING pc=0x000001b445683aa2 sp=0x00000066725fecf0 mode 2

Classes loaded (20 events):
Event: 334.641 Loading class java/util/TaskQueue
Event: 334.641 Loading class java/util/TaskQueue done
Event: 334.642 Loading class java/util/TimerThread
Event: 334.642 Loading class java/util/TimerThread done
Event: 334.642 Loading class java/util/Timer$ThreadReaper
Event: 334.642 Loading class java/util/Timer$ThreadReaper done
Event: 334.649 Loading class java/util/concurrent/CompletableFuture$UniWhenComplete
Event: 334.650 Loading class java/util/concurrent/CompletableFuture$UniWhenComplete done
Event: 334.651 Loading class java/util/concurrent/CompletableFuture$UniCompose
Event: 334.652 Loading class java/util/concurrent/CompletableFuture$UniCompose done
Event: 334.652 Loading class java/util/concurrent/CompletableFuture$UniRelay
Event: 334.652 Loading class java/util/concurrent/CompletableFuture$UniRelay done
Event: 335.407 Loading class java/util/concurrent/ScheduledThreadPoolExecutor$DelayedWorkQueue$Itr
Event: 335.407 Loading class java/util/concurrent/ScheduledThreadPoolExecutor$DelayedWorkQueue$Itr done
Event: 336.733 Loading class java/lang/ProcessHandleImpl$ExitCompletion
Event: 336.734 Loading class java/lang/ProcessHandleImpl$ExitCompletion done
Event: 336.734 Loading class java/lang/ProcessHandleImpl$1
Event: 336.734 Loading class java/lang/ProcessHandleImpl$1 done
Event: 336.735 Loading class java/util/concurrent/CompletableFuture$UniHandle
Event: 336.736 Loading class java/util/concurrent/CompletableFuture$UniHandle done

Classes unloaded (20 events):
Event: 1843.998 Thread 0x000001b451994a90 Unloading class 0x000001b45308ac00 'java/lang/invoke/LambdaForm$MH+0x000001b45308ac00'
Event: 1843.998 Thread 0x000001b451994a90 Unloading class 0x000001b45301ec00 'java/lang/invoke/LambdaForm$MH+0x000001b45301ec00'
Event: 1843.998 Thread 0x000001b451994a90 Unloading class 0x000001b45300d800 'java/lang/invoke/LambdaForm$MH+0x000001b45300d800'
Event: 1843.998 Thread 0x000001b451994a90 Unloading class 0x000001b45300d400 'java/lang/invoke/LambdaForm$MH+0x000001b45300d400'
Event: 1843.998 Thread 0x000001b451994a90 Unloading class 0x000001b45300d000 'java/lang/invoke/LambdaForm$MH+0x000001b45300d000'
Event: 1843.998 Thread 0x000001b451994a90 Unloading class 0x000001b45300cc00 'java/lang/invoke/LambdaForm$MH+0x000001b45300cc00'
Event: 1843.998 Thread 0x000001b451994a90 Unloading class 0x000001b45300c800 'java/lang/invoke/LambdaForm$BMH+0x000001b45300c800'
Event: 1843.998 Thread 0x000001b451994a90 Unloading class 0x000001b45300c000 'java/lang/invoke/LambdaForm$DMH+0x000001b45300c000'
Event: 1843.998 Thread 0x000001b451994a90 Unloading class 0x000001b453008c00 'java/lang/invoke/LambdaForm$MH+0x000001b453008c00'
Event: 1843.998 Thread 0x000001b451994a90 Unloading class 0x000001b453008800 'java/lang/invoke/LambdaForm$MH+0x000001b453008800'
Event: 1843.998 Thread 0x000001b451994a90 Unloading class 0x000001b453008400 'java/lang/invoke/LambdaForm$MH+0x000001b453008400'
Event: 1843.998 Thread 0x000001b451994a90 Unloading class 0x000001b453007000 'java/lang/invoke/LambdaForm$MH+0x000001b453007000'
Event: 1843.998 Thread 0x000001b451994a90 Unloading class 0x000001b453006c00 'java/lang/invoke/LambdaForm$MH+0x000001b453006c00'
Event: 1843.998 Thread 0x000001b451994a90 Unloading class 0x000001b453006800 'java/lang/invoke/LambdaForm$MH+0x000001b453006800'
Event: 1843.998 Thread 0x000001b451994a90 Unloading class 0x000001b453006400 'java/lang/invoke/LambdaForm$MH+0x000001b453006400'
Event: 1843.998 Thread 0x000001b451994a90 Unloading class 0x000001b453005c00 'java/lang/invoke/LambdaForm$BMH+0x000001b453005c00'
Event: 1843.998 Thread 0x000001b451994a90 Unloading class 0x000001b453004800 'java/lang/invoke/LambdaForm$DMH+0x000001b453004800'
Event: 1843.998 Thread 0x000001b451994a90 Unloading class 0x000001b453002400 'java/lang/invoke/LambdaForm$MH+0x000001b453002400'
Event: 1843.998 Thread 0x000001b451994a90 Unloading class 0x000001b453002000 'java/lang/invoke/LambdaForm$MH+0x000001b453002000'
Event: 1843.998 Thread 0x000001b451994a90 Unloading class 0x000001b453001800 'java/lang/invoke/LambdaForm$MH+0x000001b453001800'

Classes redefined (0 events):
No events

Internal exceptions (20 events):
Event: 1831.976 Thread 0x000001b49c839780 Exception <a 'java/lang/ArrayIndexOutOfBoundsException'{0x00000000d5894c10}> (0x00000000d5894c10) 
thrown [s\src\hotspot\share\runtime\sharedRuntime.cpp, line 625]
Event: 1831.976 Thread 0x000001b49c839780 Exception <a 'java/lang/ArrayIndexOutOfBoundsException'{0x00000000d5894f38}> (0x00000000d5894f38) 
thrown [s\src\hotspot\share\runtime\sharedRuntime.cpp, line 625]
Event: 1831.978 Thread 0x000001b49c839780 Exception <a 'java/lang/ArrayIndexOutOfBoundsException'{0x00000000d5906a18}> (0x00000000d5906a18) 
thrown [s\src\hotspot\share\runtime\sharedRuntime.cpp, line 625]
Event: 1831.978 Thread 0x000001b49c839780 Exception <a 'java/lang/ArrayIndexOutOfBoundsException'{0x00000000d59073f8}> (0x00000000d59073f8) 
thrown [s\src\hotspot\share\runtime\sharedRuntime.cpp, line 625]
Event: 1831.979 Thread 0x000001b49c839780 Exception <a 'java/lang/ArrayIndexOutOfBoundsException'{0x00000000d59079f8}> (0x00000000d59079f8) 
thrown [s\src\hotspot\share\runtime\sharedRuntime.cpp, line 625]
Event: 1831.979 Thread 0x000001b49c839780 Exception <a 'java/lang/ArrayIndexOutOfBoundsException'{0x00000000d5908280}> (0x00000000d5908280) 
thrown [s\src\hotspot\share\runtime\sharedRuntime.cpp, line 625]
Event: 1831.979 Thread 0x000001b49c839780 Exception <a 'java/lang/ArrayIndexOutOfBoundsException'{0x00000000d59085a8}> (0x00000000d59085a8) 
thrown [s\src\hotspot\share\runtime\sharedRuntime.cpp, line 625]
Event: 1833.575 Thread 0x000001b49962c500 Exception <a 'sun/nio/fs/WindowsException'{0x00000000d55cae38}> (0x00000000d55cae38) 
thrown [s\src\hotspot\share\prims\jni.cpp, line 520]
Event: 1833.744 Thread 0x000001b49962c500 Exception <a 'sun/nio/fs/WindowsException'{0x00000000d5612d20}> (0x00000000d5612d20) 
thrown [s\src\hotspot\share\prims\jni.cpp, line 520]
Event: 1835.999 Thread 0x000001b49962c500 Exception <a 'sun/nio/fs/WindowsException'{0x00000000d55c33a0}> (0x00000000d55c33a0) 
thrown [s\src\hotspot\share\prims\jni.cpp, line 520]
Event: 1836.139 Thread 0x000001b49962c500 Exception <a 'sun/nio/fs/WindowsException'{0x00000000d55e5ae0}> (0x00000000d55e5ae0) 
thrown [s\src\hotspot\share\prims\jni.cpp, line 520]
Event: 1839.454 Thread 0x000001b49c839780 Exception <a 'java/lang/IncompatibleClassChangeError'{0x00000000d563afe8}: Found class java.lang.Object, but interface was expected> (0x00000000d563afe8) 
thrown [s\src\hotspot\share\interpreter\linkResolver.cpp, line 840]
Event: 1841.057 Thread 0x000001b49ee2f150 Implicit null exception at 0x000001b446a2e823 to 0x000001b446a2e8d6
Event: 1841.057 Thread 0x000001b49ee2f150 Implicit null exception at 0x000001b44696e18b to 0x000001b44696e27e
Event: 1842.481 Thread 0x000001b49962c500 Exception <a 'sun/nio/fs/WindowsException'{0x00000000d56397b8}> (0x00000000d56397b8) 
thrown [s\src\hotspot\share\prims\jni.cpp, line 520]
Event: 1842.651 Thread 0x000001b49962c500 Exception <a 'sun/nio/fs/WindowsException'{0x00000000d57d9be8}> (0x00000000d57d9be8) 
thrown [s\src\hotspot\share\prims\jni.cpp, line 520]
Event: 1843.843 Thread 0x000001b49962c500 Exception <a 'sun/nio/fs/WindowsException'{0x00000000d57286a8}> (0x00000000d57286a8) 
thrown [s\src\hotspot\share\prims\jni.cpp, line 520]
Event: 1844.341 Thread 0x000001b49962c500 Exception <a 'sun/nio/fs/WindowsException'{0x00000000d5631470}> (0x00000000d5631470) 
thrown [s\src\hotspot\share\prims\jni.cpp, line 520]
Event: 1847.820 Thread 0x000001b49962c500 Exception <a 'sun/nio/fs/WindowsException'{0x00000000d5899830}> (0x00000000d5899830) 
thrown [s\src\hotspot\share\prims\jni.cpp, line 520]
Event: 1847.976 Thread 0x000001b49962c500 Exception <a 'sun/nio/fs/WindowsException'{0x00000000d5866b38}> (0x00000000d5866b38) 
thrown [s\src\hotspot\share\prims\jni.cpp, line 520]

ZGC Phase Switch (0 events):
No events

VM Operations (20 events):
Event: 1984.399 Executing VM operation: RendezvousGCThreads
Event: 1984.399 Executing VM operation: RendezvousGCThreads done
Event: 2129.883 Executing VM operation: Cleanup
Event: 2129.883 Executing VM operation: Cleanup done
Event: 3066.426 Executing VM operation: HandshakeAllThreads (HandshakeForDeflation)
Event: 3066.426 Executing VM operation: HandshakeAllThreads (HandshakeForDeflation) done
Event: 3066.426 Executing VM operation: RendezvousGCThreads
Event: 3066.426 Executing VM operation: RendezvousGCThreads done
Event: 8361.799 Executing VM operation: ParallelGCFailedAllocation (Allocation Failure)
Event: 8361.801 Executing VM operation: ParallelGCFailedAllocation (Allocation Failure) done
Event: 8363.802 Executing VM operation: Cleanup
Event: 8363.802 Executing VM operation: Cleanup done
Event: 9323.258 Executing VM operation: HandshakeAllThreads (HandshakeForDeflation)
Event: 9323.258 Executing VM operation: HandshakeAllThreads (HandshakeForDeflation) done
Event: 9323.258 Executing VM operation: RendezvousGCThreads
Event: 9323.258 Executing VM operation: RendezvousGCThreads done
Event: 10225.696 Executing VM operation: HandshakeAllThreads (HandshakeForDeflation)
Event: 10225.696 Executing VM operation: HandshakeAllThreads (HandshakeForDeflation) done
Event: 10225.696 Executing VM operation: RendezvousGCThreads
Event: 10225.696 Executing VM operation: RendezvousGCThreads done

Memory protections (0 events):
No events

Nmethod flushes (20 events):
Event: 1844.077 Thread 0x000001b451994a90 flushing  nmethod 0x000001b440d72f10
Event: 1844.077 Thread 0x000001b451994a90 flushing  nmethod 0x000001b440db1810
Event: 1844.077 Thread 0x000001b451994a90 flushing  nmethod 0x000001b440e14510
Event: 1844.077 Thread 0x000001b451994a90 flushing  nmethod 0x000001b440e71010
Event: 1844.077 Thread 0x000001b451994a90 flushing  nmethod 0x000001b440f2bd90
Event: 1844.077 Thread 0x000001b451994a90 flushing  nmethod 0x000001b440f2ee90
Event: 1844.077 Thread 0x000001b451994a90 flushing  nmethod 0x000001b440f31e10
Event: 1844.077 Thread 0x000001b451994a90 flushing  nmethod 0x000001b440f52010
Event: 1844.077 Thread 0x000001b451994a90 flushing  nmethod 0x000001b440f6d390
Event: 1844.077 Thread 0x000001b451994a90 flushing  nmethod 0x000001b440f92910
Event: 1844.077 Thread 0x000001b451994a90 flushing  nmethod 0x000001b440fbd310
Event: 1844.077 Thread 0x000001b451994a90 flushing  nmethod 0x000001b440fc3d90
Event: 1844.077 Thread 0x000001b451994a90 flushing  nmethod 0x000001b44101a690
Event: 1844.077 Thread 0x000001b451994a90 flushing  nmethod 0x000001b441043e90
Event: 1844.077 Thread 0x000001b451994a90 flushing  nmethod 0x000001b44111ab90
Event: 1844.077 Thread 0x000001b451994a90 flushing  nmethod 0x000001b441149610
Event: 1844.077 Thread 0x000001b451994a90 flushing  nmethod 0x000001b4411a7410
Event: 1844.077 Thread 0x000001b451994a90 flushing  nmethod 0x000001b4411be210
Event: 1844.077 Thread 0x000001b451994a90 flushing  nmethod 0x000001b4411bf790
Event: 1844.077 Thread 0x000001b451994a90 flushing  nmethod 0x000001b44121b110

Events (20 events):
Event: 1907.975 Thread 0x000001b49ee2f150 Thread exited: 0x000001b49ee2f150
Event: 1908.472 Thread 0x000001b49962e5d0 Thread exited: 0x000001b49962e5d0
Event: 1963.384 Thread 0x000001b49ee2afb0 Thread added: 0x000001b49c839e10
Event: 1963.385 Thread 0x000001b49c839e10 Thread exited: 0x000001b49c839e10
Event: 1963.392 Thread 0x000001b49ee2afb0 Thread added: 0x000001b49c839e10
Event: 1963.392 Thread 0x000001b49c839e10 Thread exited: 0x000001b49c839e10
Event: 1968.478 Thread 0x000001b49ee29c00 Thread exited: 0x000001b49ee29c00
Event: 2028.491 Thread 0x000001b49962f2f0 Thread exited: 0x000001b49962f2f0
Event: 2096.034 Thread 0x000001b49ee2a920 Thread exited: 0x000001b49ee2a920
Event: 2098.379 Thread 0x000001b49ee2c360 Thread exited: 0x000001b49ee2c360
Event: 2103.415 Thread 0x000001b49ee29570 Thread exited: 0x000001b49ee29570
Event: 2126.461 Thread 0x000001b49ee2fe70 Thread exited: 0x000001b49ee2fe70
Event: 2129.261 Thread 0x000001b49ee2d080 Thread exited: 0x000001b49ee2d080
Event: 2133.677 Thread 0x000001b49ee30b90 Thread exited: 0x000001b49ee30b90
Event: 2136.106 Thread 0x000001b49ee2d710 Thread exited: 0x000001b49ee2d710
Event: 2142.572 Thread 0x000001b49ee2e430 Thread exited: 0x000001b49ee2e430
Event: 2143.942 Thread 0x000001b49ee2b640 Thread exited: 0x000001b49ee2b640
Event: 2147.925 Thread 0x000001b49ee2bcd0 Thread exited: 0x000001b49ee2bcd0
Event: 8361.782 Thread 0x000001b493c3c1a0 Thread added: 0x000001b4ad24b7b0
Event: 8366.835 Thread 0x000001b4ad24b7b0 Thread exited: 0x000001b4ad24b7b0


Dynamic libraries:
0x00007ff798420000 - 0x00007ff79842e000 	c:\Users\HARSHWARDHAN GAIKWAD\.vscode\extensions\redhat.java-1.51.0-win32-x64\jre\21.0.9-win32-x86_64\bin\java.exe
0x00007ff9c6a40000 - 0x00007ff9c6ca7000 	C:\WINDOWS\SYSTEM32\ntdll.dll
0x00007ff9c4aa0000 - 0x00007ff9c4b69000 	C:\WINDOWS\System32\KERNEL32.DLL
0x00007ff9c3fa0000 - 0x00007ff9c438f000 	C:\WINDOWS\System32\KERNELBASE.dll
0x00007ff9c43d0000 - 0x00007ff9c451b000 	C:\WINDOWS\System32\ucrtbase.dll
0x00007ff9a33d0000 - 0x00007ff9a33e8000 	c:\Users\HARSHWARDHAN GAIKWAD\.vscode\extensions\redhat.java-1.51.0-win32-x64\jre\21.0.9-win32-x86_64\bin\jli.dll
0x00007ff9c63b0000 - 0x00007ff9c6575000 	C:\WINDOWS\System32\USER32.dll
0x00007ff9c43a0000 - 0x00007ff9c43c7000 	C:\WINDOWS\System32\win32u.dll
0x00007ff9c4c00000 - 0x00007ff9c4c2b000 	C:\WINDOWS\System32\GDI32.dll
0x00007ff9c3e70000 - 0x00007ff9c3f9c000 	C:\WINDOWS\System32\gdi32full.dll
0x00007ff9c3dc0000 - 0x00007ff9c3e63000 	C:\WINDOWS\System32\msvcp_win.dll
0x00007ff99cc40000 - 0x00007ff99cc5e000 	c:\Users\HARSHWARDHAN GAIKWAD\.vscode\extensions\redhat.java-1.51.0-win32-x64\jre\21.0.9-win32-x86_64\bin\VCRUNTIME140.dll
0x00007ff9aeb30000 - 0x00007ff9aedc3000 	C:\WINDOWS\WinSxS\amd64_microsoft.windows.common-controls_6595b64144ccf1df_6.0.26100.7309_none_3e05feeae336a044\COMCTL32.dll
0x00007ff9c6580000 - 0x00007ff9c6629000 	C:\WINDOWS\System32\msvcrt.dll
0x00007ff9c4a50000 - 0x00007ff9c4a81000 	C:\WINDOWS\System32\IMM32.DLL
0x00007ff9a3d90000 - 0x00007ff9a3eec000 	C:\Program Files (x86)\Citrix\ICA Client\ctxapclient64.dll
0x00007ff9c58b0000 - 0x00007ff9c5c35000 	C:\WINDOWS\System32\combase.dll
0x00007ff9c47e0000 - 0x00007ff9c48f8000 	C:\WINDOWS\System32\RPCRT4.dll
0x00007ff9baf80000 - 0x00007ff9baf8b000 	C:\WINDOWS\SYSTEM32\VERSION.dll
0x00007ff9c3a80000 - 0x00007ff9c3aaa000 	C:\WINDOWS\SYSTEM32\bcrypt.dll
0x00007ff9c6300000 - 0x00007ff9c63a6000 	C:\WINDOWS\System32\sechost.dll
0x00007ff9c4910000 - 0x00007ff9c49c4000 	C:\WINDOWS\System32\ADVAPI32.dll
0x00007ff9c2a60000 - 0x00007ff9c2a96000 	C:\WINDOWS\SYSTEM32\ntmarta.dll
0x00007ff9c4730000 - 0x00007ff9c47d5000 	C:\WINDOWS\System32\bcryptprimitives.dll
0x00007ff9a36f0000 - 0x00007ff9a36fc000 	c:\Users\HARSHWARDHAN GAIKWAD\.vscode\extensions\redhat.java-1.51.0-win32-x64\jre\21.0.9-win32-x86_64\bin\vcruntime140_1.dll
0x00007ff988ce0000 - 0x00007ff988d6d000 	c:\Users\HARSHWARDHAN GAIKWAD\.vscode\extensions\redhat.java-1.51.0-win32-x64\jre\21.0.9-win32-x86_64\bin\msvcp140.dll
0x00007ff8dc7f0000 - 0x00007ff8dd590000 	c:\Users\HARSHWARDHAN GAIKWAD\.vscode\extensions\redhat.java-1.51.0-win32-x64\jre\21.0.9-win32-x86_64\bin\server\jvm.dll
0x00007ff9c49d0000 - 0x00007ff9c4a44000 	C:\WINDOWS\System32\WS2_32.dll
0x00007ff9c39f0000 - 0x00007ff9c3a4e000 	C:\WINDOWS\SYSTEM32\POWRPROF.dll
0x00007ff9ba200000 - 0x00007ff9ba235000 	C:\WINDOWS\SYSTEM32\WINMM.dll
0x00007ff9c39d0000 - 0x00007ff9c39e4000 	C:\WINDOWS\SYSTEM32\UMPDC.dll
0x00007ff9c2940000 - 0x00007ff9c295b000 	C:\WINDOWS\SYSTEM32\kernel.appcore.dll
0x00007ff9a34c0000 - 0x00007ff9a34ca000 	c:\Users\HARSHWARDHAN GAIKWAD\.vscode\extensions\redhat.java-1.51.0-win32-x64\jre\21.0.9-win32-x86_64\bin\jimage.dll
0x00007ff9c1290000 - 0x00007ff9c14d2000 	C:\WINDOWS\SYSTEM32\DBGHELP.DLL
0x00007ff9c4fb0000 - 0x00007ff9c5086000 	C:\WINDOWS\System32\OLEAUT32.dll
0x00007ff9a8880000 - 0x00007ff9a88bc000 	C:\WINDOWS\SYSTEM32\dbgcore.DLL
0x00007ff9a2220000 - 0x00007ff9a222f000 	c:\Users\HARSHWARDHAN GAIKWAD\.vscode\extensions\redhat.java-1.51.0-win32-x64\jre\21.0.9-win32-x86_64\bin\instrument.dll
0x00007ff99a4e0000 - 0x00007ff99a500000 	c:\Users\HARSHWARDHAN GAIKWAD\.vscode\extensions\redhat.java-1.51.0-win32-x64\jre\21.0.9-win32-x86_64\bin\java.dll
0x00007ff9c5090000 - 0x00007ff9c57e3000 	C:\WINDOWS\System32\SHELL32.dll
0x00007ff9c3b90000 - 0x00007ff9c3cfa000 	C:\WINDOWS\System32\wintypes.dll
0x00007ff9c1760000 - 0x00007ff9c1fbe000 	C:\WINDOWS\SYSTEM32\windows.storage.dll
0x00007ff9c4d10000 - 0x00007ff9c4e05000 	C:\WINDOWS\System32\SHCORE.dll
0x000001b43ae10000 - 0x000001b43ae76000 	C:\WINDOWS\System32\shlwapi.dll
0x00007ff9c3ab0000 - 0x00007ff9c3ad9000 	C:\WINDOWS\SYSTEM32\profapi.dll
0x00007ff995a00000 - 0x00007ff995a18000 	c:\Users\HARSHWARDHAN GAIKWAD\.vscode\extensions\redhat.java-1.51.0-win32-x64\jre\21.0.9-win32-x86_64\bin\zip.dll
0x00007ff9a21c0000 - 0x00007ff9a21d0000 	C:\Users\HARSHWARDHAN GAIKWAD\.vscode\extensions\redhat.java-1.51.0-win32-x64\jre\21.0.9-win32-x86_64\bin\net.dll
0x00007ff9bd220000 - 0x00007ff9bd348000 	C:\WINDOWS\SYSTEM32\WINHTTP.dll
0x00007ff9c2eb0000 - 0x00007ff9c2f1b000 	C:\WINDOWS\system32\mswsock.dll
0x00007ff991d30000 - 0x00007ff991d46000 	C:\Users\HARSHWARDHAN GAIKWAD\.vscode\extensions\redhat.java-1.51.0-win32-x64\jre\21.0.9-win32-x86_64\bin\nio.dll
0x00007ff99bdd0000 - 0x00007ff99bde0000 	c:\Users\HARSHWARDHAN GAIKWAD\.vscode\extensions\redhat.java-1.51.0-win32-x64\jre\21.0.9-win32-x86_64\bin\verify.dll
0x00007ff982fc0000 - 0x00007ff983004000 	C:\Users\HARSHWARDHAN GAIKWAD\AppData\Roaming\Code\User\globalStorage\redhat.java\1.51.0\config_win\org.eclipse.equinox.launcher\org.eclipse.equinox.launcher.win32.win32.x86_64_1.2.1400.v20250801-0854\eclipse_11916.dll
0x00007ff9c4e10000 - 0x00007ff9c4fa7000 	C:\WINDOWS\System32\ole32.dll
0x00007ff9be5d0000 - 0x00007ff9be5da000 	C:\Users\HARSHWARDHAN GAIKWAD\.vscode\extensions\redhat.java-1.51.0-win32-x64\jre\21.0.9-win32-x86_64\bin\management.dll
0x00007ff991a30000 - 0x00007ff991a3c000 	C:\Users\HARSHWARDHAN GAIKWAD\.vscode\extensions\redhat.java-1.51.0-win32-x64\jre\21.0.9-win32-x86_64\bin\management_ext.dll
0x000001b43ae80000 - 0x000001b43ae88000 	C:\WINDOWS\System32\PSAPI.DLL
0x00007ff9c3180000 - 0x00007ff9c319b000 	C:\WINDOWS\SYSTEM32\CRYPTSP.dll
0x00007ff9c28a0000 - 0x00007ff9c28da000 	C:\WINDOWS\system32\rsaenh.dll
0x00007ff9c2f60000 - 0x00007ff9c2f8b000 	C:\WINDOWS\SYSTEM32\USERENV.dll
0x00007ff9c3170000 - 0x00007ff9c317c000 	C:\WINDOWS\SYSTEM32\CRYPTBASE.dll
0x00007ff9c23c0000 - 0x00007ff9c23f4000 	C:\WINDOWS\SYSTEM32\IPHLPAPI.DLL
0x00007ff9c4bf0000 - 0x00007ff9c4bfa000 	C:\WINDOWS\System32\NSI.dll
0x00007ff979ce0000 - 0x00007ff979d29000 	C:\Users\HARSHWARDHAN GAIKWAD\AppData\Local\Temp\jna-1871262409\jna9836687623020111266.dll
0x00007ff9bd8c0000 - 0x00007ff9bd8de000 	C:\WINDOWS\SYSTEM32\dhcpcsvc6.DLL
0x00007ff9bd890000 - 0x00007ff9bd8b3000 	C:\WINDOWS\SYSTEM32\dhcpcsvc.DLL
0x00007ff991a20000 - 0x00007ff991a2e000 	C:\Users\HARSHWARDHAN GAIKWAD\.vscode\extensions\redhat.java-1.51.0-win32-x64\jre\21.0.9-win32-x86_64\bin\sunmscapi.dll
0x000001b49cde0000 - 0x000001b49cf57000 	C:\WINDOWS\System32\CRYPT32.dll
0x00007ff9c3390000 - 0x00007ff9c33c0000 	C:\WINDOWS\SYSTEM32\ncrypt.dll
0x00007ff9c3340000 - 0x00007ff9c337f000 	C:\WINDOWS\SYSTEM32\NTASN1.dll
0x00007ff9c24a0000 - 0x00007ff9c25cc000 	C:\WINDOWS\SYSTEM32\DNSAPI.dll
0x00007ff9bcb30000 - 0x00007ff9bcb3b000 	C:\Windows\System32\rasadhlp.dll
0x00007ff9bddb0000 - 0x00007ff9bde36000 	C:\WINDOWS\System32\fwpuclnt.dll
0x00007ff9909b0000 - 0x00007ff9909b9000 	C:\Users\HARSHWARDHAN GAIKWAD\.vscode\extensions\redhat.java-1.51.0-win32-x64\jre\21.0.9-win32-x86_64\bin\extnet.dll

JVMTI agents:
c:\Users\HARSHWARDHAN GAIKWAD\.vscode\extensions\redhat.java-1.51.0-win32-x64\lombok\lombok-1.18.39-4050.jar path:c:\Users\HARSHWARDHAN GAIKWAD\.vscode\extensions\redhat.java-1.51.0-win32-x64\jre\21.0.9-win32-x86_64\bin\instrument.dll, loaded, initialized, instrumentlib options:none

dbghelp: loaded successfully - version: 4.0.5 - missing functions: none
symbol engine: initialized successfully - sym options: 0x614 - pdb path: .;c:\Users\HARSHWARDHAN GAIKWAD\.vscode\extensions\redhat.java-1.51.0-win32-x64\jre\21.0.9-win32-x86_64\bin;C:\WINDOWS\SYSTEM32;C:\WINDOWS\WinSxS\amd64_microsoft.windows.common-controls_6595b64144ccf1df_6.0.26100.7309_none_3e05feeae336a044;C:\Program Files (x86)\Citrix\ICA Client;c:\Users\HARSHWARDHAN GAIKWAD\.vscode\extensions\redhat.java-1.51.0-win32-x64\jre\21.0.9-win32-x86_64\bin\server;C:\Users\HARSHWARDHAN GAIKWAD\AppData\Roaming\Code\User\globalStorage\redhat.java\1.51.0\config_win\org.eclipse.equinox.launcher\org.eclipse.equinox.launcher.win32.win32.x86_64_1.2.1400.v20250801-0854;C:\Users\HARSHWARDHAN GAIKWAD\AppData\Local\Temp\jna-1871262409

VM Arguments:
jvm_args: --add-modules=ALL-SYSTEM --add-opens=java.base/java.util=ALL-UNNAMED --add-opens=java.base/java.lang=ALL-UNNAMED --add-opens=java.base/sun.nio.fs=ALL-UNNAMED -Declipse.application=org.eclipse.jdt.ls.core.id1 -Dosgi.bundles.defaultStartLevel=4 -Declipse.product=org.eclipse.jdt.ls.core.product -Djava.import.generatesMetadataFilesAtProjectRoot=false -DDetectVMInstallationsJob.disabled=true -Dfile.encoding=utf8 -XX:+UseParallelGC -XX:GCTimeRatio=4 -XX:AdaptiveSizePolicyWeight=90 -Dsun.zip.disableMemoryMapping=true -Xmx2G -Xms100m -Xlog:disable -javaagent:c:\Users\HARSHWARDHAN GAIKWAD\.vscode\extensions\redhat.java-1.51.0-win32-x64\lombok\lombok-1.18.39-4050.jar -XX:+HeapDumpOnOutOfMemoryError -XX:HeapDumpPath=c:\Users\HARSHWARDHAN GAIKWAD\AppData\Roaming\Code\User\workspaceStorage\d0d774f81aa1297f517c5df71d3929cf\redhat.java -Daether.dependencyCollector.impl=bf 
java_command: c:\Users\HARSHWARDHAN GAIKWAD\.vscode\extensions\redhat.java-1.51.0-win32-x64\server\plugins\org.eclipse.equinox.launcher_1.7.100.v20251111-0406.jar -configuration c:\Users\HARSHWARDHAN GAIKWAD\AppData\Roaming\Code\User\globalStorage\redhat.java\1.51.0\config_win -data c:\Users\HARSHWARDHAN GAIKWAD\AppData\Roaming\Code\User\workspaceStorage\d0d774f81aa1297f517c5df71d3929cf\redhat.java\jdt_ws --pipe=\\.\pipe\lsp-c61c1c498848116a533100e2f8b08433-sock
java_class_path (initial): c:\Users\HARSHWARDHAN GAIKWAD\.vscode\extensions\redhat.java-1.51.0-win32-x64\server\plugins\org.eclipse.equinox.launcher_1.7.100.v20251111-0406.jar
Launcher Type: SUN_STANDARD

[Global flags]
    uintx AdaptiveSizePolicyWeight                 = 90                                        {product} {command line}
     intx CICompilerCount                          = 4                                         {product} {ergonomic}
    uintx GCTimeRatio                              = 4                                         {product} {command line}
     bool HeapDumpOnOutOfMemoryError               = true                                   {manageable} {command line}
    ccstr HeapDumpPath                             = c:\Users\HARSHWARDHAN GAIKWAD\AppData\Roaming\Code\User\workspaceStorage\d0d774f81aa1297f517c5df71d3929cf\redhat.java         {manageable} {command line}
   size_t InitialHeapSize                          = 104857600                                 {product} {command line}
   size_t MaxHeapSize                              = 2147483648                                {product} {command line}
   size_t MaxNewSize                               = 715653120                                 {product} {ergonomic}
   size_t MinHeapDeltaBytes                        = 524288                                    {product} {ergonomic}
   size_t MinHeapSize                              = 104857600                                 {product} {command line}
   size_t NewSize                                  = 34603008                                  {product} {ergonomic}
    uintx NonNMethodCodeHeapSize                   = 5839372                                {pd product} {ergonomic}
    uintx NonProfiledCodeHeapSize                  = 122909434                              {pd product} {ergonomic}
   size_t OldSize                                  = 70254592                                  {product} {ergonomic}
    uintx ProfiledCodeHeapSize                     = 122909434                              {pd product} {ergonomic}
    uintx ReservedCodeCacheSize                    = 251658240                              {pd product} {ergonomic}
     bool SegmentedCodeCache                       = true                                      {product} {ergonomic}
   size_t SoftMaxHeapSize                          = 2147483648                             {manageable} {ergonomic}
     bool UseCompressedOops                        = true                           {product lp64_product} {ergonomic}
     bool UseLargePagesIndividualAllocation        = false                                  {pd product} {ergonomic}
     bool UseParallelGC                            = true                                      {product} {command line}

Logging:
Log output configuration:
 #0: stdout all=off uptime,level,tags foldmultilines=false
 #1: stderr all=off uptime,level,tags foldmultilines=false

Release file:
JAVA_VERSION="21.0.9" 
MODULES="java.base java.compiler java.datatransfer java.xml java.prefs java.desktop java.instrument java.logging java.management java.security.sasl java.naming java.rmi java.management.rmi java.net.http java.scripting java.security.jgss java.transaction.xa java.sql java.sql.rowset java.xml.crypto java.se java.smartcardio jdk.accessibility jdk.internal.jvmstat jdk.attach jdk.charsets jdk.internal.opt jdk.zipfs jdk.compiler jdk.crypto.ec jdk.crypto.cryptoki jdk.crypto.mscapi jdk.dynalink jdk.internal.ed jdk.editpad jdk.hotspot.agent jdk.httpserver jdk.internal.le jdk.internal.vm.ci jdk.internal.vm.compiler jdk.internal.vm.compiler.management jdk.jartool jdk.javadoc jdk.jcmd jdk.management jdk.management.agent jdk.jconsole jdk.jdeps jdk.jdwp.agent jdk.jdi jdk.jfr jdk.jshell jdk.jsobject jdk.jstatd jdk.localedata jdk.management.jfr jdk.naming.dns jdk.naming.rmi jdk.net jdk.nio.mapmode jdk.random jdk.sctp jdk.security.auth jdk.security.jgss jdk.unsupported jdk.unsupported.desktop jdk.xml.dom" 

Environment Variables:
PATH=C:\Program Files (x86)\VMware\VMware Workstation\bin\;C:\Program Files (x86)\Rockwell Software\RSCommon;C:\Program Files\Common Files\Oracle\Java\javapath;C:\Windows\system32;C:\Windows;C:\Windows\System32\Wbem;C:\Windows\System32\WindowsPowerShell\v1.0\;C:\Windows\System32\OpenSSH\;C:\Program Files (x86)\NVIDIA Corporation\PhysX\Common;C:\Program Files\dotnet\;C:\Program Files (x86)\IVI Foundation\VISA\WinNT\Bin\;C:\Program Files\IVI Foundation\VISA\Win64\Bin\;C:\Program Files (x86)\IVI Foundation\VISA\WinNT\Bin;C:\Program Files\Java\jdk-22;C:\Program Files\mongosh;C:\Program Files\MongoDB\Server\7.0\bin;C:\MinGW\bin;C:\WINDOWS\system32;C:\WINDOWS;C:\WINDOWS\System32\Wbem;C:\WINDOWS\System32\WindowsPowerShell\v1.0\;C:\WINDOWS\System32\OpenSSH\;C:\Users\HARSHWARDHAN GAIKWAD\AppData\Local\Programs\Python\PythonXX\;C:\Users\HARSHWARDHAN GAIKWAD\AppData\Local\Programs\Python\PythonXX\Scripts\;C:\Program Files\NVIDIA Corporation\NVIDIA app\NvDLISR;D:\html\Git\cmd;C:\Users\HARSHWARDHAN GAIKWAD\AppData\Local\Programs\Python\Python312\Scripts\;C:\Users\HARSHWARDHAN GAIKWAD\AppData\Local\Programs\Python\Python312\;C:\Program Files\MySQL\MySQL Shell 8.0\bin\;C:\Users\HARSHWARDHAN GAIKWAD\AppData\Local\Microsoft\WindowsApps;C:\Users\HARSHWARDHAN GAIKWAD\AppData\Local\Programs\Microsoft VS Code\bin;C:\Program Files\mongosh\;C:\MinGW\bin;C:\Program Files\obs-studio;C:\Users\HARSHWARDHAN GAIKWAD\AppData\Local\Programs\Python\Python312;C:\Users\HARSHWARDHAN GAIKWAD\OneDrive\Desktop\ESD Practice;C:\Users\HARSHWARDHAN GAIKWAD\OneDrive\Desktop\college Document\HandBrake;C:\Users\HARSHWARDHAN GAIKWAD\Downloads;C:\Users\HARSHWARDHAN GAIKWAD\Desktop\plc programming;C:\Program Files\JetBrains\PyCharm 2024.3\bin;;C:\Users\HARSHWARDHAN GAIKWAD\AppData\Local\GitHubDesktop\bin;C:\Users\HARSHWARDHAN GAIKWAD\AppData\Local\Programs\Python\Python312\Scripts;C:\Users\HARSHWARDHAN GAIKWAD\AppData\Local\Programs\Python\Python312;C:\Users\HARSHWARDHAN GAIKWAD\AppData\Local\Programs\Python\Python312\Scripts;
USERNAME=HARSHWARDHAN GAIKWAD
OS=Windows_NT
PROCESSOR_IDENTIFIER=AMD64 Family 25 Model 80 Stepping 0, AuthenticAMD
TMP=C:\Users\HARSHW~1\AppData\Local\Temp
TEMP=C:\Users\HARSHW~1\AppData\Local\Temp




Periodic native trim disabled

---------------  S Y S T E M  ---------------

OS:
 Windows 11 , 64 bit Build 26100 (10.0.26100.7309)
OS uptime: 0 days 9:48 hours
Hyper-V role detected

CPU: total 12 (initial active 12) (12 cores per cpu, 2 threads per core) family 25 model 80 stepping 0 microcode 0xa50000d, cx8, cmov, fxsr, ht, mmx, 3dnowpref, sse, sse2, sse3, ssse3, sse4a, sse4.1, sse4.2, popcnt, lzcnt, tsc, tscinvbit, avx, avx2, aes, erms, clmul, bmi1, bmi2, adx, sha, fma, vzeroupper, clflush, clflushopt, hv, rdtscp, rdpid, fsrm, f16c, cet_ss
Processor Information for processor 0
  Max Mhz: 3301, Current Mhz: 1908, Mhz Limit: 3301
Processor Information for processor 1
  Max Mhz: 3301, Current Mhz: 1908, Mhz Limit: 3301
Processor Information for processor 2
  Max Mhz: 3301, Current Mhz: 1908, Mhz Limit: 3301
Processor Information for processor 3
  Max Mhz: 3301, Current Mhz: 1805, Mhz Limit: 3301
Processor Information for processor 4
  Max Mhz: 3301, Current Mhz: 1908, Mhz Limit: 3301
Processor Information for processor 5
  Max Mhz: 3301, Current Mhz: 1908, Mhz Limit: 3301
Processor Information for processor 6
  Max Mhz: 3301, Current Mhz: 1908, Mhz Limit: 3301
Processor Information for processor 7
  Max Mhz: 3301, Current Mhz: 1805, Mhz Limit: 3301
Processor Information for processor 8
  Max Mhz: 3301, Current Mhz: 1908, Mhz Limit: 3301
Processor Information for processor 9
  Max Mhz: 3301, Current Mhz: 1805, Mhz Limit: 3301
Processor Information for processor 10
  Max Mhz: 3301, Current Mhz: 1908, Mhz Limit: 3301
Processor Information for processor 11
  Max Mhz: 3301, Current Mhz: 1805, Mhz Limit: 3301

Memory: 4k page, system-wide physical 15773M (1799M free)
TotalPageFile size 27909M (AvailPageFile size 13M)
current process WorkingSet (physical memory assigned to process): 26M, peak: 1867M
current process commit charge ("private bytes"): 636M, peak: 1779M

vm_info: OpenJDK 64-Bit Server VM (21.0.9+10-LTS) for windows-amd64 JRE (21.0.9+10-LTS), built on 2025-10-21T00:00:00Z by "admin" with unknown MS VC++:1942

END.
